

*******************************************************************************
Sat Jan 28 01:24:40 2017


FIT:    data read from "plot_abs0.dat"
        format = z
BREAK: bad data on line 1 of datafile

*******************************************************************************
Sat Jan 28 01:25:18 2017


FIT:    data read from "plot_abs0.dat" u 1:2
        format = x:z
        #datapoints = 207
        residuals are weighted equally (unit weight)

function used for fitting: abs0
fitted parameters initialized with current variable values

iter      chisq       delta/lim  lambda   abs0         
   0 1.2425943732e+06   0.00e+00  1.00e+00    1.000000e+00
   3 2.3994648515e+03  -2.79e-06  1.00e-03    7.840336e+01

After 3 iterations the fit converged.
final sum of squares of residuals : 2399.46
rel. change during last iteration : -2.78782e-11

degrees of freedom    (FIT_NDF)                        : 206
rms of residuals      (FIT_STDFIT) = sqrt(WSSR/ndf)    : 3.4129
variance of residuals (reduced chisquare) = WSSR/ndf   : 11.6479

Final set of parameters            Asymptotic Standard Error
=======================            ==========================
abs0            = 78.4034          +/- 0.2372       (0.3026%)


*******************************************************************************
Sat Jan 28 01:25:49 2017


FIT:    data read from "plot_abs1.dat" u 1:2
        format = x:z
        #datapoints = 213
        residuals are weighted equally (unit weight)

function used for fitting: abs1
fitted parameters initialized with current variable values

iter      chisq       delta/lim  lambda   abs1         
   0 8.7968541177e+05   0.00e+00  1.00e+00    1.000000e+00
   3 1.3758233554e+03  -3.07e-06  1.00e-03    6.521463e+01

After 3 iterations the fit converged.
final sum of squares of residuals : 1375.82
rel. change during last iteration : -3.07225e-11

degrees of freedom    (FIT_NDF)                        : 212
rms of residuals      (FIT_STDFIT) = sqrt(WSSR/ndf)    : 2.5475
variance of residuals (reduced chisquare) = WSSR/ndf   : 6.48973

Final set of parameters            Asymptotic Standard Error
=======================            ==========================
abs1            = 65.2146          +/- 0.1746       (0.2677%)


*******************************************************************************
Sat Jan 28 01:26:07 2017


FIT:    data read from "plot_abs5.dat" u 1:2
        format = x:z
        #datapoints = 213
        residuals are weighted equally (unit weight)

function used for fitting: abs5
fitted parameters initialized with current variable values

iter      chisq       delta/lim  lambda   abs5         
   0 9.5779332274e+05   0.00e+00  1.00e+00    1.000000e+00
   3 1.6888500206e+03  -2.72e-06  1.00e-03    6.799816e+01

After 3 iterations the fit converged.
final sum of squares of residuals : 1688.85
rel. change during last iteration : -2.7245e-11

degrees of freedom    (FIT_NDF)                        : 212
rms of residuals      (FIT_STDFIT) = sqrt(WSSR/ndf)    : 2.82246
variance of residuals (reduced chisquare) = WSSR/ndf   : 7.96627

Final set of parameters            Asymptotic Standard Error
=======================            ==========================
abs5            = 67.9982          +/- 0.1934       (0.2844%)
